c:\users\ebren\documents\github\acg_true\rtacg_students\visualstudio2015\rtacg\x64\debug\vc143.pdb
c:\users\ebren\documents\github\acg_true\rtacg_students\visualstudio2015\rtacg\x64\debug\vc143.idb
c:\users\ebren\documents\github\acg_true\rtacg_students\visualstudio2015\rtacg\x64\debug\transmissive.obj
c:\users\ebren\documents\github\acg_true\rtacg_students\visualstudio2015\rtacg\x64\debug\phong.obj
c:\users\ebren\documents\github\acg_true\rtacg_students\visualstudio2015\rtacg\x64\debug\mirror.obj
c:\users\ebren\documents\github\acg_true\rtacg_students\visualstudio2015\rtacg\x64\debug\material.obj
c:\users\ebren\documents\github\acg_true\rtacg_students\visualstudio2015\rtacg\x64\debug\emissive.obj
c:\users\ebren\documents\github\acg_true\rtacg_students\visualstudio2015\rtacg\x64\debug\main.obj
c:\users\ebren\documents\github\acg_true\rtacg_students\visualstudio2015\rtacg\x64\debug\arealightsource.obj
c:\users\ebren\documents\github\acg_true\rtacg_students\visualstudio2015\rtacg\x64\debug\vector3d.obj
c:\users\ebren\documents\github\acg_true\rtacg_students\visualstudio2015\rtacg\x64\debug\utils.obj
c:\users\ebren\documents\github\acg_true\rtacg_students\visualstudio2015\rtacg\x64\debug\scene.obj
c:\users\ebren\documents\github\acg_true\rtacg_students\visualstudio2015\rtacg\x64\debug\ray.obj
c:\users\ebren\documents\github\acg_true\rtacg_students\visualstudio2015\rtacg\x64\debug\matrix4x4.obj
c:\users\ebren\documents\github\acg_true\rtacg_students\visualstudio2015\rtacg\x64\debug\intersection.obj
c:\users\ebren\documents\github\acg_true\rtacg_students\visualstudio2015\rtacg\x64\debug\hemisphericalsampler.obj
c:\users\ebren\documents\github\acg_true\rtacg_students\visualstudio2015\rtacg\x64\debug\film.obj
c:\users\ebren\documents\github\acg_true\rtacg_students\visualstudio2015\rtacg\x64\debug\eqsolver.obj
c:\users\ebren\documents\github\acg_true\rtacg_students\visualstudio2015\rtacg\x64\debug\bitmap.obj
c:\users\ebren\documents\github\acg_true\rtacg_students\visualstudio2015\rtacg\x64\debug\perspective.obj
c:\users\ebren\documents\github\acg_true\rtacg_students\visualstudio2015\rtacg\x64\debug\ortographic.obj
c:\users\ebren\documents\github\acg_true\rtacg_students\visualstudio2015\rtacg\x64\debug\camera.obj
c:\users\ebren\documents\github\acg_true\rtacg_students\visualstudio2015\rtacg\x64\debug\square.obj
c:\users\ebren\documents\github\acg_true\rtacg_students\visualstudio2015\rtacg\x64\debug\sphere.obj
c:\users\ebren\documents\github\acg_true\rtacg_students\visualstudio2015\rtacg\x64\debug\shape.obj
c:\users\ebren\documents\github\acg_true\rtacg_students\visualstudio2015\rtacg\x64\debug\infiniteplan.obj
c:\users\ebren\documents\github\acg_true\rtacg_students\visualstudio2015\rtacg\x64\debug\whittedintegrator.obj
c:\users\ebren\documents\github\acg_true\rtacg_students\visualstudio2015\rtacg\x64\debug\shader.obj
c:\users\ebren\documents\github\acg_true\rtacg_students\visualstudio2015\rtacg\x64\debug\normalshader.obj
c:\users\ebren\documents\github\acg_true\rtacg_students\visualstudio2015\rtacg\x64\debug\intersectionshader.obj
c:\users\ebren\documents\github\acg_true\rtacg_students\visualstudio2015\rtacg\x64\debug\depthshader.obj
c:\users\ebren\documents\github\acg_true\rtacg_students\visualstudio2015\rtacg\x64\debug\rt_acg.exe
c:\users\ebren\documents\github\acg_true\rtacg_students\visualstudio2015\rtacg\x64\debug\rt_acg.ilk
c:\users\ebren\documents\github\acg_true\rtacg_students\visualstudio2015\rtacg\x64\debug\rt_acg.pdb
c:\users\ebren\documents\github\acg_true\rtacg_students\visualstudio2015\rtacg\x64\debug\rt_acg.tlog\cl.command.1.tlog
c:\users\ebren\documents\github\acg_true\rtacg_students\visualstudio2015\rtacg\x64\debug\rt_acg.tlog\cl.read.1.tlog
c:\users\ebren\documents\github\acg_true\rtacg_students\visualstudio2015\rtacg\x64\debug\rt_acg.tlog\cl.write.1.tlog
c:\users\ebren\documents\github\acg_true\rtacg_students\visualstudio2015\rtacg\x64\debug\rt_acg.tlog\link.command.1.tlog
c:\users\ebren\documents\github\acg_true\rtacg_students\visualstudio2015\rtacg\x64\debug\rt_acg.tlog\link.read.1.tlog
c:\users\ebren\documents\github\acg_true\rtacg_students\visualstudio2015\rtacg\x64\debug\rt_acg.tlog\link.write.1.tlog
