c:\users\ebren\source\repos\iriscorb18\acg_true\rtacg_students\visualstudio2015\rtacg\debug\vc143.pdb
c:\users\ebren\source\repos\iriscorb18\acg_true\rtacg_students\visualstudio2015\rtacg\debug\vc143.idb
c:\users\ebren\source\repos\iriscorb18\acg_true\rtacg_students\visualstudio2015\rtacg\debug\intersectionshader.obj
c:\users\ebren\source\repos\iriscorb18\acg_true\rtacg_students\visualstudio2015\rtacg\debug\depthshader.obj
c:\users\ebren\source\repos\iriscorb18\acg_true\rtacg_students\visualstudio2015\rtacg\debug\phong.obj
c:\users\ebren\source\repos\iriscorb18\acg_true\rtacg_students\visualstudio2015\rtacg\debug\material.obj
c:\users\ebren\source\repos\iriscorb18\acg_true\rtacg_students\visualstudio2015\rtacg\debug\emissive.obj
c:\users\ebren\source\repos\iriscorb18\acg_true\rtacg_students\visualstudio2015\rtacg\debug\main.obj
c:\users\ebren\source\repos\iriscorb18\acg_true\rtacg_students\visualstudio2015\rtacg\debug\arealightsource.obj
c:\users\ebren\source\repos\iriscorb18\acg_true\rtacg_students\visualstudio2015\rtacg\debug\vector3d.obj
c:\users\ebren\source\repos\iriscorb18\acg_true\rtacg_students\visualstudio2015\rtacg\debug\utils.obj
c:\users\ebren\source\repos\iriscorb18\acg_true\rtacg_students\visualstudio2015\rtacg\debug\scene.obj
c:\users\ebren\source\repos\iriscorb18\acg_true\rtacg_students\visualstudio2015\rtacg\debug\ray.obj
c:\users\ebren\source\repos\iriscorb18\acg_true\rtacg_students\visualstudio2015\rtacg\debug\matrix4x4.obj
c:\users\ebren\source\repos\iriscorb18\acg_true\rtacg_students\visualstudio2015\rtacg\debug\intersection.obj
c:\users\ebren\source\repos\iriscorb18\acg_true\rtacg_students\visualstudio2015\rtacg\debug\hemisphericalsampler.obj
c:\users\ebren\source\repos\iriscorb18\acg_true\rtacg_students\visualstudio2015\rtacg\debug\film.obj
c:\users\ebren\source\repos\iriscorb18\acg_true\rtacg_students\visualstudio2015\rtacg\debug\eqsolver.obj
c:\users\ebren\source\repos\iriscorb18\acg_true\rtacg_students\visualstudio2015\rtacg\debug\bitmap.obj
c:\users\ebren\source\repos\iriscorb18\acg_true\rtacg_students\visualstudio2015\rtacg\debug\perspective.obj
c:\users\ebren\source\repos\iriscorb18\acg_true\rtacg_students\visualstudio2015\rtacg\debug\ortographic.obj
c:\users\ebren\source\repos\iriscorb18\acg_true\rtacg_students\visualstudio2015\rtacg\debug\camera.obj
c:\users\ebren\source\repos\iriscorb18\acg_true\rtacg_students\visualstudio2015\rtacg\debug\square.obj
c:\users\ebren\source\repos\iriscorb18\acg_true\rtacg_students\visualstudio2015\rtacg\debug\sphere.obj
c:\users\ebren\source\repos\iriscorb18\acg_true\rtacg_students\visualstudio2015\rtacg\debug\shape.obj
c:\users\ebren\source\repos\iriscorb18\acg_true\rtacg_students\visualstudio2015\rtacg\debug\infiniteplan.obj
c:\users\ebren\source\repos\iriscorb18\acg_true\rtacg_students\visualstudio2015\rtacg\debug\shader.obj
c:\users\ebren\source\repos\iriscorb18\acg_true\rtacg_students\visualstudio2015\rtacg\debug\rt_acg.pdb
c:\users\ebren\source\repos\iriscorb18\acg_true\rtacg_students\visualstudio2015\rtacg\debug\rt_acg.tlog\cl.command.1.tlog
c:\users\ebren\source\repos\iriscorb18\acg_true\rtacg_students\visualstudio2015\rtacg\debug\rt_acg.tlog\cl.read.1.tlog
c:\users\ebren\source\repos\iriscorb18\acg_true\rtacg_students\visualstudio2015\rtacg\debug\rt_acg.tlog\cl.write.1.tlog
c:\users\ebren\source\repos\iriscorb18\acg_true\rtacg_students\visualstudio2015\rtacg\debug\rt_acg.tlog\link-cvtres.read.1.tlog
c:\users\ebren\source\repos\iriscorb18\acg_true\rtacg_students\visualstudio2015\rtacg\debug\rt_acg.tlog\link-cvtres.write.1.tlog
c:\users\ebren\source\repos\iriscorb18\acg_true\rtacg_students\visualstudio2015\rtacg\debug\rt_acg.tlog\link-rc.read.1.tlog
c:\users\ebren\source\repos\iriscorb18\acg_true\rtacg_students\visualstudio2015\rtacg\debug\rt_acg.tlog\link-rc.write.1.tlog
c:\users\ebren\source\repos\iriscorb18\acg_true\rtacg_students\visualstudio2015\rtacg\debug\rt_acg.tlog\link.command.1.tlog
c:\users\ebren\source\repos\iriscorb18\acg_true\rtacg_students\visualstudio2015\rtacg\debug\rt_acg.tlog\link.read.1.tlog
c:\users\ebren\source\repos\iriscorb18\acg_true\rtacg_students\visualstudio2015\rtacg\debug\rt_acg.tlog\link.write.1.tlog
